10-15 21:11 root         INFO     Trying to fetch top three latest commands..
10-15 21:11 root         INFO     Trying to fetch top eight most recent commands.
10-15 21:11 root         INFO     Trying to Trying to fetch all saved commands ..
10-15 21:11 root         INFO     Trying to Trying to fetch all menu options from menu options table..
10-15 21:11 root         INFO     Trying to fetch top three latest commands..
10-15 21:11 root         INFO     Trying to fetch top eight most recent commands.
10-15 21:11 root         INFO     Trying to Trying to fetch all saved commands ..
10-15 21:11 root         INFO     Trying to Trying to fetch all menu options from menu options table..
10-15 21:11 root         INFO     Trying to fetch top three latest commands..
10-15 21:11 root         INFO     Trying to fetch top eight most recent commands.
10-15 21:11 root         INFO     Trying to Trying to fetch all saved commands ..
10-15 21:11 root         INFO     Trying to Trying to fetch all menu options from menu options table..
10-15 21:11 root         INFO     Trying to fetch top three latest commands..
10-15 21:11 root         INFO     Trying to fetch top eight most recent commands.
10-15 21:11 root         INFO     Trying to Trying to fetch all saved commands ..
10-15 21:11 root         INFO     Trying to Trying to fetch all menu options from menu options table..
10-15 21:11 root         INFO     Trying to fetch top three latest commands..
10-15 21:11 root         INFO     Trying to fetch top eight most recent commands.
10-15 21:11 root         INFO     Trying to Trying to fetch all saved commands ..
10-15 21:11 root         INFO     Trying to Trying to fetch all menu options from menu options table..
10-15 21:11 root         INFO     Trying to fetch top three latest commands..
10-15 21:11 root         INFO     Trying to fetch top eight most recent commands.
10-15 21:11 root         INFO     Trying to Trying to fetch all saved commands ..
10-15 21:11 root         INFO     Trying to Trying to fetch all menu options from menu options table..
10-15 21:11 root         INFO     Trying to fetch top three latest commands..
10-15 21:11 root         INFO     Trying to fetch top eight most recent commands.
10-15 21:11 root         INFO     Trying to Trying to fetch all saved commands ..
10-15 21:11 root         INFO     Trying to Trying to fetch all menu options from menu options table..
10-15 21:11 root         INFO     Trying to fetch top three latest commands..
10-15 21:11 root         INFO     Trying to fetch top eight most recent commands.
10-15 21:11 root         INFO     Trying to Trying to fetch all saved commands ..
10-15 21:11 root         INFO     Trying to Trying to fetch all menu options from menu options table..
10-15 21:12 root         INFO     Trying to find (command_id, key_id) (8, 22) in the saved commands table.
10-15 21:12 root         INFO     Trying to update popularity and to execute a command.
10-15 21:12 root         INFO     Trying to increment the popularity of the command.
10-15 21:12 root         INFO     Trying to fetch top three latest commands..
10-15 21:12 root         INFO     Trying to fetch top eight most recent commands.
10-15 21:12 root         INFO     Trying to Trying to fetch all saved commands ..
10-15 21:12 root         INFO     Trying to Trying to fetch all menu options from menu options table..
10-15 21:12 root         INFO     Trying to fetch top three latest commands..
10-15 21:12 root         INFO     Trying to fetch top eight most recent commands.
10-15 21:12 root         INFO     Trying to Trying to fetch all saved commands ..
10-15 21:12 root         INFO     Trying to Trying to fetch all menu options from menu options table..
10-15 21:12 root         INFO     Trying to fetch top three latest commands..
10-15 21:12 root         INFO     Trying to fetch top eight most recent commands.
10-15 21:12 root         INFO     Trying to Trying to fetch all saved commands ..
10-15 21:12 root         INFO     Trying to Trying to fetch all menu options from menu options table..
10-15 21:12 root         INFO     Trying to fetch top three latest commands..
10-15 21:12 root         INFO     Trying to fetch top eight most recent commands.
10-15 21:12 root         INFO     Trying to Trying to fetch all saved commands ..
10-15 21:12 root         INFO     Trying to Trying to fetch all menu options from menu options table..
10-15 21:12 root         INFO     Trying to fetch top three latest commands..
10-15 21:12 root         INFO     Trying to fetch top eight most recent commands.
10-15 21:12 root         INFO     Trying to Trying to fetch all saved commands ..
10-15 21:12 root         INFO     Trying to Trying to fetch all menu options from menu options table..
10-15 21:12 root         INFO     Trying to find (command_id, key_id) (7, 21) in the saved commands table.
10-15 21:12 root         INFO     Trying to update popularity and to execute a command.
10-15 21:12 root         INFO     Trying to increment the popularity of the command.
10-15 21:12 root         INFO     Trying to fetch top three latest commands..
10-15 21:12 root         INFO     Trying to fetch top eight most recent commands.
10-15 21:12 root         INFO     Trying to Trying to fetch all saved commands ..
10-15 21:12 root         INFO     Trying to Trying to fetch all menu options from menu options table..
10-15 21:12 root         INFO     Trying to fetch top three latest commands..
10-15 21:12 root         INFO     Trying to fetch top eight most recent commands.
10-15 21:12 root         INFO     Trying to Trying to fetch all saved commands ..
10-15 21:12 root         INFO     Trying to Trying to fetch all menu options from menu options table..
10-15 21:12 root         INFO     Trying to find (command_id, key_id) (7, 21) in the saved commands table.
10-15 21:12 root         INFO     Executing delete request with command ID 7
10-15 21:12 root         INFO     Trying to fetch top three latest commands..
10-15 21:12 root         INFO     Trying to fetch top eight most recent commands.
10-15 21:12 root         INFO     Trying to Trying to fetch all saved commands ..
10-15 21:12 root         INFO     Trying to Trying to fetch all menu options from menu options table..
10-15 21:12 root         INFO     Trying to fetch top three latest commands..
10-15 21:12 root         INFO     Trying to fetch top eight most recent commands.
10-15 21:12 root         INFO     Trying to Trying to fetch all saved commands ..
10-15 21:12 root         INFO     Trying to Trying to fetch all menu options from menu options table..
10-15 21:12 root         INFO     Trying to fetch top three latest commands..
10-15 21:12 root         INFO     Trying to fetch top eight most recent commands.
10-15 21:12 root         INFO     Trying to Trying to fetch all saved commands ..
10-15 21:12 root         INFO     Trying to Trying to fetch all menu options from menu options table..
10-15 21:12 root         INFO     Trying to fetch top three latest commands..
10-15 21:12 root         INFO     Trying to fetch top eight most recent commands.
10-15 21:12 root         INFO     Trying to Trying to fetch all saved commands ..
10-15 21:12 root         INFO     Trying to Trying to fetch all menu options from menu options table..
10-15 21:12 root         INFO     Trying to fetch top three latest commands..
10-15 21:12 root         INFO     Trying to fetch top eight most recent commands.
10-15 21:12 root         INFO     Trying to Trying to fetch all saved commands ..
10-15 21:12 root         INFO     Trying to Trying to fetch all menu options from menu options table..
10-15 21:12 root         INFO     Trying to find (command_id, key_id) (1, 10) in the saved commands table.
10-15 21:12 root         INFO     Trying to update popularity and to execute a command.
10-15 21:12 root         INFO     Trying to increment the popularity of the command.
10-15 21:12 root         INFO     Trying to fetch top three latest commands..
10-15 21:12 root         INFO     Trying to fetch top eight most recent commands.
10-15 21:12 root         INFO     Trying to Trying to fetch all saved commands ..
10-15 21:12 root         INFO     Trying to Trying to fetch all menu options from menu options table..
10-15 21:12 root         INFO     Trying to fetch top three latest commands..
10-15 21:12 root         INFO     Trying to fetch top eight most recent commands.
10-15 21:12 root         INFO     Trying to Trying to fetch all saved commands ..
10-15 21:12 root         INFO     Trying to Trying to fetch all menu options from menu options table..
